0 info it worked if it ends with ok
1 verbose cli [ '/usr/local/bin/node', '/usr/local/bin/npm', 'publish' ]
2 info using npm@3.10.10
3 info using node@v6.9.5
4 verbose publish [ '.' ]
5 silly cache add args [ '.', null ]
6 verbose cache add spec .
7 silly cache add parsed spec Result {
7 silly cache add   raw: '.',
7 silly cache add   scope: null,
7 silly cache add   escapedName: null,
7 silly cache add   name: null,
7 silly cache add   rawSpec: '.',
7 silly cache add   spec: '/home/john/CLOCKMAKER-GIT/SlotFiller',
7 silly cache add   type: 'directory' }
8 verbose addLocalDirectory /home/john/.npm/slot-filler/1.0.0/package.tgz not in flight; packing
9 verbose correctMkdir /home/john/.npm correctMkdir not in flight; initializing
10 info lifecycle slot-filler@1.0.0~prepublish: slot-filler@1.0.0
11 silly lifecycle slot-filler@1.0.0~prepublish: no script for prepublish, continuing
12 verbose tar pack [ '/home/john/.npm/slot-filler/1.0.0/package.tgz',
12 verbose tar pack   '/home/john/CLOCKMAKER-GIT/SlotFiller' ]
13 verbose tarball /home/john/.npm/slot-filler/1.0.0/package.tgz
14 verbose folder /home/john/CLOCKMAKER-GIT/SlotFiller
15 verbose addLocalTarball adding from inside cache /home/john/.npm/slot-filler/1.0.0/package.tgz
16 verbose correctMkdir /home/john/.npm correctMkdir not in flight; initializing
17 silly cache afterAdd slot-filler@1.0.0
18 verbose afterAdd /home/john/.npm/slot-filler/1.0.0/package/package.json not in flight; writing
19 verbose correctMkdir /home/john/.npm correctMkdir not in flight; initializing
20 verbose afterAdd /home/john/.npm/slot-filler/1.0.0/package/package.json written
21 silly publish { name: 'slot-filler',
21 silly publish   version: '1.0.0',
21 silly publish   description: 'Fill in the slots in a phrase template given a matching phrase.',
21 silly publish   main: 'SlotFiller.js',
21 silly publish   scripts: { test: 'node jasmine-runner.js' },
21 silly publish   repository:
21 silly publish    { type: 'git',
21 silly publish      url: 'git+https://github.com/jloveric/SlotFiller.git' },
21 silly publish   keywords: [ 'slot', 'filler' ],
21 silly publish   author: { name: 'John Loverich' },
21 silly publish   license: 'MIT',
21 silly publish   bugs: { url: 'https://github.com/jloveric/SlotFiller/issues' },
21 silly publish   homepage: 'https://github.com/jloveric/SlotFiller#readme',
21 silly publish   dependencies:
21 silly publish    { clone: '^2.1.1',
21 silly publish      debug: '^2.6.6',
21 silly publish      'helper-clockmaker': '^1.0.3',
21 silly publish      'sentence-similarity': '^1.0.3' },
21 silly publish   readme: '# SlotFiller\nslot-filler is used in combination with sentence-similarity to fill in slots\n\n#Example 1\n\n```javascript\nlet slotFiller = require(\'slot-filler\')\nlet ss = require(\'sentence-similarity\')\n\nlet stdOpts = { f: ss.similarityScore.metaphoneDl, options : {threshold: 0.3} }\n\nlet a = [\'Hello\', \'my\', \'name\', \'is\', \'John\', \'Jacob\']\nlet b = [\'Hello\', \'(pronoun)\', \'name\', \'is\', \'(name)\']\nlet ans = ss.sentenceSimilarity(a,b,stdOpts) \t\n\nlet queryIndex = [];\n\nfor(let i=0; i<a.length; i++) {\n    queryIndex.push({word : a[i], index : ans.matched[i]})\n}\n\nlet slots = slotFiller.computeWildcards(b, a, queryIndex, null)\nconsole.log(slots)\n```\ngives output\n```json\n{ wildcards: { matched: true, pronoun: \'my\', name: \'John Jacob\' },\n  score: { score: 1, count: 2 } }\n```\nso that now the slotFiller has estimated the slots for (pronoun) and\n(name).  Note, the names inside the wildcards (pronoun),(name) are arbitrary,\nthe slotFiller would not behave any differently if the names were changed.',
21 silly publish   readmeFilename: 'README.md',
21 silly publish   gitHead: '306024f33c8c899212864bcaf84e8ef585f3f68c',
21 silly publish   _id: 'slot-filler@1.0.0',
21 silly publish   _shasum: '4143c8d506eed8718fe6a80ac635f79c40ad5fae',
21 silly publish   _from: '.' }
22 verbose getPublishConfig undefined
23 silly mapToRegistry name slot-filler
24 silly mapToRegistry using default registry
25 silly mapToRegistry registry https://registry.npmjs.org/
26 silly mapToRegistry data Result {
26 silly mapToRegistry   raw: 'slot-filler',
26 silly mapToRegistry   scope: null,
26 silly mapToRegistry   escapedName: 'slot-filler',
26 silly mapToRegistry   name: 'slot-filler',
26 silly mapToRegistry   rawSpec: '',
26 silly mapToRegistry   spec: 'latest',
26 silly mapToRegistry   type: 'tag' }
27 silly mapToRegistry uri https://registry.npmjs.org/slot-filler
28 verbose publish registryBase https://registry.npmjs.org/
29 silly publish uploading /home/john/.npm/slot-filler/1.0.0/package.tgz
30 verbose request uri https://registry.npmjs.org/slot-filler
31 verbose request sending authorization for write operation
32 info attempt registry request try #1 at 9:56:01 PM
33 verbose request using bearer token for auth
34 verbose request id 5389bdeaff76d1b5
35 http request PUT https://registry.npmjs.org/slot-filler
36 http 403 https://registry.npmjs.org/slot-filler
37 verbose headers { 'content-type': 'application/json',
37 verbose headers   'cache-control': 'max-age=300',
37 verbose headers   'content-length': '95',
37 verbose headers   'accept-ranges': 'bytes',
37 verbose headers   date: 'Wed, 03 May 2017 03:56:02 GMT',
37 verbose headers   via: '1.1 varnish',
37 verbose headers   connection: 'keep-alive',
37 verbose headers   'x-served-by': 'cache-den6027-DEN',
37 verbose headers   'x-cache': 'MISS',
37 verbose headers   'x-cache-hits': '0',
37 verbose headers   'x-timer': 'S1493783761.192625,VS0,VE963',
37 verbose headers   vary: 'Accept-Encoding' }
38 verbose request invalidating /home/john/.npm/registry.npmjs.org/slot-filler on PUT
39 error publish Failed PUT 403
40 verbose stack Error: "You cannot publish over the previously published version 1.0.0." : slot-filler
40 verbose stack     at makeError (/usr/local/lib/node_modules/npm/node_modules/npm-registry-client/lib/request.js:302:12)
40 verbose stack     at CachingRegistryClient.<anonymous> (/usr/local/lib/node_modules/npm/node_modules/npm-registry-client/lib/request.js:290:14)
40 verbose stack     at Request._callback (/usr/local/lib/node_modules/npm/node_modules/npm-registry-client/lib/request.js:210:14)
40 verbose stack     at Request.self.callback (/usr/local/lib/node_modules/npm/node_modules/request/request.js:187:22)
40 verbose stack     at emitTwo (events.js:106:13)
40 verbose stack     at Request.emit (events.js:191:7)
40 verbose stack     at Request.<anonymous> (/usr/local/lib/node_modules/npm/node_modules/request/request.js:1048:10)
40 verbose stack     at emitOne (events.js:96:13)
40 verbose stack     at Request.emit (events.js:188:7)
40 verbose stack     at IncomingMessage.<anonymous> (/usr/local/lib/node_modules/npm/node_modules/request/request.js:969:12)
41 verbose statusCode 403
42 verbose pkgid slot-filler
43 verbose cwd /home/john/CLOCKMAKER-GIT/SlotFiller
44 error Linux 4.8.0-39-generic
45 error argv "/usr/local/bin/node" "/usr/local/bin/npm" "publish"
46 error node v6.9.5
47 error npm  v3.10.10
48 error code E403
49 error "You cannot publish over the previously published version 1.0.0." : slot-filler
50 error If you need help, you may report this error at:
50 error     <https://github.com/npm/npm/issues>
51 verbose exit [ 1, true ]
